c:\users\zitao wang\desktop\8503\gametech 2017\build\gametech coursework\release\vc141.pdb
c:\users\zitao wang\desktop\8503\gametech 2017\build\gametech coursework\release\testscene.obj
c:\users\zitao wang\desktop\8503\gametech 2017\build\gametech coursework\release\main.obj
c:\users\zitao wang\desktop\8503\gametech 2017\build\gametech coursework\release\emptyscene.obj
c:\users\zitao wang\desktop\8503\gametech 2017\build\release\gametech coursework.pdb
c:\users\zitao wang\desktop\8503\gametech 2017\build\gametech coursework\release\gametech.1a5c2647.tlog\cl.command.1.tlog
c:\users\zitao wang\desktop\8503\gametech 2017\build\gametech coursework\release\gametech.1a5c2647.tlog\cl.read.1.tlog
c:\users\zitao wang\desktop\8503\gametech 2017\build\gametech coursework\release\gametech.1a5c2647.tlog\cl.write.1.tlog
c:\users\zitao wang\desktop\8503\gametech 2017\build\gametech coursework\release\gametech.1a5c2647.tlog\link.164620.read.1.tlog
c:\users\zitao wang\desktop\8503\gametech 2017\build\gametech coursework\release\gametech.1a5c2647.tlog\link.164620.write.1.tlog
c:\users\zitao wang\desktop\8503\gametech 2017\build\gametech coursework\release\gametech.1a5c2647.tlog\link.261132.read.1.tlog
c:\users\zitao wang\desktop\8503\gametech 2017\build\gametech coursework\release\gametech.1a5c2647.tlog\link.261132.write.1.tlog
c:\users\zitao wang\desktop\8503\gametech 2017\build\gametech coursework\release\gametech.1a5c2647.tlog\link.266484.read.1.tlog
c:\users\zitao wang\desktop\8503\gametech 2017\build\gametech coursework\release\gametech.1a5c2647.tlog\link.266484.write.1.tlog
c:\users\zitao wang\desktop\8503\gametech 2017\build\gametech coursework\release\gametech.1a5c2647.tlog\link.268632.read.1.tlog
c:\users\zitao wang\desktop\8503\gametech 2017\build\gametech coursework\release\gametech.1a5c2647.tlog\link.268632.write.1.tlog
c:\users\zitao wang\desktop\8503\gametech 2017\build\gametech coursework\release\gametech.1a5c2647.tlog\link.274880.read.1.tlog
c:\users\zitao wang\desktop\8503\gametech 2017\build\gametech coursework\release\gametech.1a5c2647.tlog\link.274880.write.1.tlog
c:\users\zitao wang\desktop\8503\gametech 2017\build\gametech coursework\release\gametech.1a5c2647.tlog\link.275064.read.1.tlog
c:\users\zitao wang\desktop\8503\gametech 2017\build\gametech coursework\release\gametech.1a5c2647.tlog\link.275064.write.1.tlog
c:\users\zitao wang\desktop\8503\gametech 2017\build\gametech coursework\release\gametech.1a5c2647.tlog\link.command.1.tlog
c:\users\zitao wang\desktop\8503\gametech 2017\build\gametech coursework\release\gametech.1a5c2647.tlog\link.read.1.tlog
c:\users\zitao wang\desktop\8503\gametech 2017\build\gametech coursework\release\gametech.1a5c2647.tlog\link.write.1.tlog
